2025-12-03 16:20:02,406 INFO: Golistica startup [in C:\Users\juani\Desktop\Trabajo Alan\alquila-cancha\backend\app.py:38]
2025-12-03 16:20:27,401 INFO: Golistica startup [in C:\Users\juani\Desktop\Trabajo Alan\alquila-cancha\backend\app.py:38]
2025-12-03 16:22:47,191 INFO: Golistica startup [in C:\Users\juani\Desktop\Trabajo Alan\alquila-cancha\backend\app.py:38]
2025-12-03 16:22:48,438 INFO: Golistica startup [in C:\Users\juani\Desktop\Trabajo Alan\alquila-cancha\backend\app.py:38]
2025-12-03 16:23:22,653 INFO: AUDIT: login_success by operador on user:2 - Usuario operador inició sesión correctamente [in C:\Users\juani\Desktop\Trabajo Alan\alquila-cancha\backend\app.py:180]
2025-12-03 16:24:30,332 INFO: AUDIT: login_success by operador2 on user:3 - Usuario operador2 inició sesión correctamente [in C:\Users\juani\Desktop\Trabajo Alan\alquila-cancha\backend\app.py:180]
2025-12-03 16:26:19,844 INFO: AUDIT: login_success by operador on user:2 - Usuario operador inició sesión correctamente [in C:\Users\juani\Desktop\Trabajo Alan\alquila-cancha\backend\app.py:180]
2025-12-03 16:27:35,760 INFO: Golistica startup [in C:\Users\juani\Desktop\Trabajo Alan\alquila-cancha\backend\app.py:38]
2025-12-03 16:27:48,938 INFO: Golistica startup [in C:\Users\juani\Desktop\Trabajo Alan\alquila-cancha\backend\app.py:38]
2025-12-03 16:27:50,191 INFO: Golistica startup [in C:\Users\juani\Desktop\Trabajo Alan\alquila-cancha\backend\app.py:38]
2025-12-03 16:28:26,620 INFO: AUDIT: login_success by operador on user:2 - Usuario operador inició sesión correctamente [in C:\Users\juani\Desktop\Trabajo Alan\alquila-cancha\backend\app.py:180]
2025-12-03 16:29:09,735 INFO: AUDIT: login_success by Tominu07 on user:4 - Usuario Tominu07 inició sesión correctamente [in C:\Users\juani\Desktop\Trabajo Alan\alquila-cancha\backend\app.py:180]
2025-12-03 16:30:07,670 INFO: Golistica startup [in C:\Users\juani\Desktop\Trabajo Alan\alquila-cancha\backend\app.py:38]
2025-12-03 16:31:02,816 INFO: AUDIT: login_success by operador on user:2 - Usuario operador inició sesión correctamente [in C:\Users\juani\Desktop\Trabajo Alan\alquila-cancha\backend\app.py:180]
2025-12-03 16:32:37,210 INFO: Golistica startup [in C:\Users\juani\Desktop\Trabajo Alan\alquila-cancha\backend\app.py:38]
2025-12-03 16:35:30,317 INFO: AUDIT: login_success by admin on user:5 - Usuario admin inició sesión correctamente [in C:\Users\juani\Desktop\Trabajo Alan\alquila-cancha\backend\app.py:184]
2025-12-03 16:36:04,706 INFO: Golistica startup [in C:\Users\juani\Desktop\Trabajo Alan\alquila-cancha\backend\app.py:38]
2025-12-03 16:36:06,088 INFO: Golistica startup [in C:\Users\juani\Desktop\Trabajo Alan\alquila-cancha\backend\app.py:38]
2025-12-03 16:38:34,681 INFO: AUDIT: login_success by admin on user:5 - Usuario admin inició sesión correctamente [in C:\Users\juani\Desktop\Trabajo Alan\alquila-cancha\backend\app.py:184]
2025-12-03 16:39:13,505 INFO: Golistica startup [in C:\Users\juani\Desktop\Trabajo Alan\alquila-cancha\backend\app.py:38]
2025-12-03 16:39:29,879 INFO: Golistica startup [in C:\Users\juani\Desktop\Trabajo Alan\alquila-cancha\backend\app.py:38]
2025-12-03 16:39:52,454 INFO: Golistica startup [in C:\Users\juani\Desktop\Trabajo Alan\alquila-cancha\backend\app.py:38]
2025-12-03 16:40:56,621 INFO: Golistica startup [in C:\Users\juani\Desktop\Trabajo Alan\alquila-cancha\backend\app.py:39]
2025-12-03 16:41:03,217 INFO: Golistica startup [in C:\Users\juani\Desktop\Trabajo Alan\alquila-cancha\backend\app.py:39]
2025-12-03 16:42:09,332 INFO: Golistica startup [in C:\Users\juani\Desktop\Trabajo Alan\alquila-cancha\backend\app.py:39]
2025-12-03 16:42:10,754 INFO: Golistica startup [in C:\Users\juani\Desktop\Trabajo Alan\alquila-cancha\backend\app.py:39]
2025-12-03 16:42:40,601 INFO: Golistica startup [in C:\Users\juani\Desktop\Trabajo Alan\alquila-cancha\backend\app.py:39]
2025-12-03 16:42:41,797 INFO: Golistica startup [in C:\Users\juani\Desktop\Trabajo Alan\alquila-cancha\backend\app.py:39]
2025-12-03 16:44:15,982 INFO: Golistica startup [in C:\Users\juani\Desktop\Trabajo Alan\alquila-cancha\backend\app.py:39]
2025-12-03 16:44:17,341 INFO: Golistica startup [in C:\Users\juani\Desktop\Trabajo Alan\alquila-cancha\backend\app.py:39]
2025-12-03 16:44:34,848 INFO: AUDIT: login_success by admin on user:5 - Usuario admin inició sesión correctamente [in C:\Users\juani\Desktop\Trabajo Alan\alquila-cancha\backend\app.py:429]
2025-12-03 16:46:58,091 INFO: AUDIT: login_success by admin on user:5 - Usuario admin inició sesión correctamente [in C:\Users\juani\Desktop\Trabajo Alan\alquila-cancha\backend\app.py:429]
2025-12-03 16:48:25,071 INFO: Golistica startup [in C:\Users\juani\Desktop\Trabajo Alan\alquila-cancha\backend\app.py:39]
2025-12-03 16:49:36,451 INFO: AUDIT: login_success by admin on user:5 - Usuario admin inició sesión correctamente [in C:\Users\juani\Desktop\Trabajo Alan\alquila-cancha\backend\app.py:429]
2025-12-03 16:50:02,642 INFO: AUDIT: login_success by operador on user:2 - Usuario operador inició sesión correctamente [in C:\Users\juani\Desktop\Trabajo Alan\alquila-cancha\backend\app.py:429]
2025-12-03 16:51:49,526 INFO: AUDIT: login_failed by Anonymous - Intento de login fallido para usuario: operador2 - FAILED: Credenciales inválidas [in C:\Users\juani\Desktop\Trabajo Alan\alquila-cancha\backend\app.py:429]
2025-12-03 16:52:03,354 INFO: AUDIT: login_success by operador2 on user:3 - Usuario operador2 inició sesión correctamente [in C:\Users\juani\Desktop\Trabajo Alan\alquila-cancha\backend\app.py:429]
2025-12-03 16:52:49,902 INFO: AUDIT: login_success by admin on user:5 - Usuario admin inició sesión correctamente [in C:\Users\juani\Desktop\Trabajo Alan\alquila-cancha\backend\app.py:429]
2025-12-03 16:53:11,667 INFO: AUDIT: login_success by Tominu07 on user:4 - Usuario Tominu07 inició sesión correctamente [in C:\Users\juani\Desktop\Trabajo Alan\alquila-cancha\backend\app.py:429]
2025-12-03 16:54:35,484 INFO: Golistica startup [in C:\Users\juani\Desktop\Trabajo Alan\alquila-cancha\backend\app.py:39]
2025-12-03 16:55:17,579 INFO: Golistica startup [in C:\Users\juani\Desktop\Trabajo Alan\alquila-cancha\backend\app.py:39]
2025-12-03 16:55:32,232 INFO: Golistica startup [in C:\Users\juani\Desktop\Trabajo Alan\alquila-cancha\backend\app.py:39]
2025-12-03 16:56:24,088 INFO: Golistica startup [in C:\Users\juani\Desktop\Trabajo Alan\alquila-cancha\backend\app.py:39]
2025-12-03 16:56:25,551 INFO: Golistica startup [in C:\Users\juani\Desktop\Trabajo Alan\alquila-cancha\backend\app.py:39]
2025-12-03 16:56:46,508 INFO: AUDIT: login_success by admin on user:5 - Usuario admin inició sesión correctamente [in C:\Users\juani\Desktop\Trabajo Alan\alquila-cancha\backend\app.py:429]
2025-12-03 17:05:49,475 INFO: AUDIT: login_success by admin on user:5 - Usuario admin inició sesión correctamente [in C:\Users\juani\Desktop\Trabajo Alan\alquila-cancha\backend\app.py:429]
2025-12-03 17:06:48,325 INFO: Golistica startup [in C:\Users\juani\Desktop\Trabajo Alan\alquila-cancha\backend\app.py:39]
2025-12-03 17:06:49,754 INFO: Golistica startup [in C:\Users\juani\Desktop\Trabajo Alan\alquila-cancha\backend\app.py:39]
2025-12-03 17:07:27,131 INFO: AUDIT: login_success by admin on user:5 - Usuario admin inició sesión correctamente [in C:\Users\juani\Desktop\Trabajo Alan\alquila-cancha\backend\app.py:429]
2025-12-03 17:10:40,953 INFO: AUDIT: create_court by admin on court:5 - Cancha "El Porton de Núñez" creada en O´Higgins 3487 Núñez [in C:\Users\juani\Desktop\Trabajo Alan\alquila-cancha\backend\app.py:429]
2025-12-03 17:13:54,597 INFO: Golistica startup [in C:\Users\juani\Desktop\Trabajo Alan\alquila-cancha\backend\app.py:39]
2025-12-03 17:14:10,429 INFO: Golistica startup [in C:\Users\juani\Desktop\Trabajo Alan\alquila-cancha\backend\app.py:39]
2025-12-03 17:14:11,859 INFO: Golistica startup [in C:\Users\juani\Desktop\Trabajo Alan\alquila-cancha\backend\app.py:39]
2025-12-03 17:19:21,009 INFO: AUDIT: login_success by operador2 on user:3 - Usuario operador2 inició sesión correctamente [in C:\Users\juani\Desktop\Trabajo Alan\alquila-cancha\backend\app.py:430]
2025-12-03 17:45:28,498 INFO: AUDIT: login_success by Tominu07 on user:4 - Usuario Tominu07 inició sesión correctamente [in C:\Users\juani\Desktop\Trabajo Alan\alquila-cancha\backend\app.py:430]
2025-12-03 17:53:02,727 INFO: Golistica startup [in C:\Users\juani\Desktop\Trabajo Alan\alquila-cancha\backend\app.py:39]
2025-12-03 17:53:04,259 INFO: Golistica startup [in C:\Users\juani\Desktop\Trabajo Alan\alquila-cancha\backend\app.py:39]
2025-12-03 18:07:02,637 INFO: AUDIT: login_success by Tominu07 on user:4 - Usuario Tominu07 inició sesión correctamente [in C:\Users\juani\Desktop\Trabajo Alan\alquila-cancha\backend\app.py:430]
2025-12-03 18:08:59,938 INFO: Golistica startup [in C:\Users\juani\Desktop\Trabajo Alan\alquila-cancha\backend\app.py:39]
2025-12-03 18:10:06,970 INFO: Golistica startup [in C:\Users\juani\Desktop\Trabajo Alan\alquila-cancha\backend\app.py:39]
2025-12-03 18:21:12,663 INFO: Golistica startup [in C:\Users\juani\Desktop\Trabajo Alan\alquila-cancha\backend\app.py:43]
2025-12-03 18:21:13,983 INFO: Golistica startup [in C:\Users\juani\Desktop\Trabajo Alan\alquila-cancha\backend\app.py:43]
2025-12-03 18:21:21,670 INFO: Golistica startup [in C:\Users\juani\Desktop\Trabajo Alan\alquila-cancha\backend\app.py:43]
2025-12-03 18:21:22,917 INFO: Golistica startup [in C:\Users\juani\Desktop\Trabajo Alan\alquila-cancha\backend\app.py:43]
2025-12-03 18:21:35,599 INFO: Golistica startup [in C:\Users\juani\Desktop\Trabajo Alan\alquila-cancha\backend\app.py:43]
2025-12-03 18:21:36,729 INFO: Golistica startup [in C:\Users\juani\Desktop\Trabajo Alan\alquila-cancha\backend\app.py:43]
2025-12-03 18:22:59,079 INFO: Golistica startup [in C:\Users\juani\Desktop\Trabajo Alan\alquila-cancha\backend\app.py:43]
2025-12-03 18:24:26,653 INFO: Golistica startup [in C:\Users\juani\Desktop\Trabajo Alan\alquila-cancha\backend\app.py:43]
2025-12-03 18:24:27,804 INFO: Golistica startup [in C:\Users\juani\Desktop\Trabajo Alan\alquila-cancha\backend\app.py:43]
2025-12-03 18:25:38,364 INFO: Golistica startup [in C:\Users\juani\Desktop\Trabajo Alan\alquila-cancha\backend\app.py:43]
2025-12-03 18:25:39,534 INFO: Golistica startup [in C:\Users\juani\Desktop\Trabajo Alan\alquila-cancha\backend\app.py:43]
2025-12-03 18:25:48,120 INFO: Golistica startup [in C:\Users\juani\Desktop\Trabajo Alan\alquila-cancha\backend\app.py:43]
2025-12-03 18:25:52,782 INFO: Golistica startup [in C:\Users\juani\Desktop\Trabajo Alan\alquila-cancha\backend\app.py:43]
2025-12-03 18:25:53,991 INFO: Golistica startup [in C:\Users\juani\Desktop\Trabajo Alan\alquila-cancha\backend\app.py:43]
2025-12-03 18:27:31,391 INFO: Golistica startup [in C:\Users\juani\Desktop\Trabajo Alan\alquila-cancha\backend\app.py:43]
2025-12-03 18:27:36,393 INFO: Golistica startup [in C:\Users\juani\Desktop\Trabajo Alan\alquila-cancha\backend\app.py:43]
2025-12-03 18:27:37,695 INFO: Golistica startup [in C:\Users\juani\Desktop\Trabajo Alan\alquila-cancha\backend\app.py:43]
2025-12-03 18:27:41,624 INFO: Golistica startup [in C:\Users\juani\Desktop\Trabajo Alan\alquila-cancha\backend\app.py:43]
2025-12-03 18:27:41,688 ERROR: Exception on /login [GET] [in C:\Users\juani\AppData\Roaming\Python\Python311-32\site-packages\flask\app.py:1414]
Traceback (most recent call last):
  File "C:\Users\juani\AppData\Roaming\Python\Python311-32\site-packages\flask\app.py", line 2190, in wsgi_app
    response = self.full_dispatch_request()
               ^^^^^^^^^^^^^^^^^^^^^^^^^^^^
  File "C:\Users\juani\AppData\Roaming\Python\Python311-32\site-packages\flask\app.py", line 1486, in full_dispatch_request
    rv = self.handle_user_exception(e)
         ^^^^^^^^^^^^^^^^^^^^^^^^^^^^^
  File "C:\Users\juani\AppData\Roaming\Python\Python311-32\site-packages\flask\app.py", line 1484, in full_dispatch_request
    rv = self.dispatch_request()
         ^^^^^^^^^^^^^^^^^^^^^^^
  File "C:\Users\juani\AppData\Roaming\Python\Python311-32\site-packages\flask\app.py", line 1469, in dispatch_request
    return self.ensure_sync(self.view_functions[rule.endpoint])(**view_args)
           ^^^^^^^^^^^^^^^^^^^^^^^^^^^^^^^^^^^^^^^^^^^^^^^^^^^^^^^^^^^^^^^^^
  File "C:\Users\juani\Desktop\Trabajo Alan\alquila-cancha\backend\app.py", line 834, in login
    if request.method == 'POST':
       ^^^^^^^
NameError: name 'request' is not defined
2025-12-03 18:27:41,691 ERROR: Exception on /register [GET] [in C:\Users\juani\AppData\Roaming\Python\Python311-32\site-packages\flask\app.py:1414]
Traceback (most recent call last):
  File "C:\Users\juani\AppData\Roaming\Python\Python311-32\site-packages\flask\app.py", line 2190, in wsgi_app
    response = self.full_dispatch_request()
               ^^^^^^^^^^^^^^^^^^^^^^^^^^^^
  File "C:\Users\juani\AppData\Roaming\Python\Python311-32\site-packages\flask\app.py", line 1486, in full_dispatch_request
    rv = self.handle_user_exception(e)
         ^^^^^^^^^^^^^^^^^^^^^^^^^^^^^
  File "C:\Users\juani\AppData\Roaming\Python\Python311-32\site-packages\flask\app.py", line 1484, in full_dispatch_request
    rv = self.dispatch_request()
         ^^^^^^^^^^^^^^^^^^^^^^^
  File "C:\Users\juani\AppData\Roaming\Python\Python311-32\site-packages\flask\app.py", line 1469, in dispatch_request
    return self.ensure_sync(self.view_functions[rule.endpoint])(**view_args)
           ^^^^^^^^^^^^^^^^^^^^^^^^^^^^^^^^^^^^^^^^^^^^^^^^^^^^^^^^^^^^^^^^^
  File "C:\Users\juani\Desktop\Trabajo Alan\alquila-cancha\backend\app.py", line 891, in register
    if request.method == 'POST':
       ^^^^^^^
NameError: name 'request' is not defined
2025-12-03 18:27:48,510 INFO: Golistica startup [in C:\Users\juani\Desktop\Trabajo Alan\alquila-cancha\backend\app.py:43]
2025-12-03 18:27:48,521 INFO: Golistica startup [in C:\Users\juani\Desktop\Trabajo Alan\alquila-cancha\backend\app.py:43]
2025-12-03 18:27:48,729 INFO: Golistica startup [in C:\Users\juani\Desktop\Trabajo Alan\alquila-cancha\backend\app.py:43]
2025-12-03 18:27:56,401 INFO: Golistica startup [in C:\Users\juani\Desktop\Trabajo Alan\alquila-cancha\backend\app.py:43]
2025-12-03 18:28:13,741 INFO: Golistica startup [in C:\Users\juani\Desktop\Trabajo Alan\alquila-cancha\backend\app.py:43]
2025-12-03 18:28:14,932 INFO: Golistica startup [in C:\Users\juani\Desktop\Trabajo Alan\alquila-cancha\backend\app.py:43]
2025-12-03 18:28:34,368 INFO: Golistica startup [in C:\Users\juani\Desktop\Trabajo Alan\alquila-cancha\backend\app.py:43]
2025-12-03 18:28:35,432 INFO: Golistica startup [in C:\Users\juani\Desktop\Trabajo Alan\alquila-cancha\backend\app.py:43]
2025-12-03 18:29:11,204 INFO: Golistica startup [in C:\Users\juani\Desktop\Trabajo Alan\alquila-cancha\backend\app.py:43]
2025-12-03 18:29:12,255 INFO: Golistica startup [in C:\Users\juani\Desktop\Trabajo Alan\alquila-cancha\backend\app.py:43]
2025-12-03 18:30:01,315 INFO: Golistica startup [in C:\Users\juani\Desktop\Trabajo Alan\alquila-cancha\backend\app.py:43]
2025-12-03 18:30:02,077 INFO: Golistica startup [in C:\Users\juani\Desktop\Trabajo Alan\alquila-cancha\backend\app.py:43]
2025-12-03 18:30:02,085 INFO: Golistica startup [in C:\Users\juani\Desktop\Trabajo Alan\alquila-cancha\backend\app.py:43]
2025-12-03 18:30:22,932 INFO: AUDIT: login_failed by Anonymous - Intento de login fallido para usuario: Tominu07 - FAILED: Credenciales inválidas [in C:\Users\juani\Desktop\Trabajo Alan\alquila-cancha\backend\app.py:477]
2025-12-03 18:30:29,820 INFO: AUDIT: login_success by Tominu07 on user:4 - Usuario Tominu07 inició sesión correctamente [in C:\Users\juani\Desktop\Trabajo Alan\alquila-cancha\backend\app.py:477]
2025-12-03 18:30:57,920 INFO: AUDIT: login_success by admin on user:5 - Usuario admin inició sesión correctamente [in C:\Users\juani\Desktop\Trabajo Alan\alquila-cancha\backend\app.py:477]
2025-12-03 18:33:41,179 INFO: AUDIT: login_success by Tominu07 on user:4 - Usuario Tominu07 inició sesión correctamente [in C:\Users\juani\Desktop\Trabajo Alan\alquila-cancha\backend\app.py:477]
2025-12-03 18:34:32,959 INFO: AUDIT: create_booking by Tominu07 on booking:3 - Reserva #3 para Cancha La 5 de Palermo el 2025-12-13 de 16:00:00 a 17:00:00 [in C:\Users\juani\Desktop\Trabajo Alan\alquila-cancha\backend\app.py:477]
2025-12-03 18:34:32,970 INFO: AUDIT: create_booking_failed by Tominu07 - Error al crear reserva: This transaction is closed - FAILED: This transaction is closed [in C:\Users\juani\Desktop\Trabajo Alan\alquila-cancha\backend\app.py:477]
2025-12-03 18:40:43,768 INFO: AUDIT: login_success by Tominu07 on user:4 - Usuario Tominu07 inició sesión correctamente [in C:\Users\juani\Desktop\Trabajo Alan\alquila-cancha\backend\app.py:477]
2025-12-03 18:42:27,250 INFO: Golistica startup [in C:\Users\juani\Desktop\Trabajo Alan\alquila-cancha\backend\app.py:43]
2025-12-03 18:50:51,974 INFO: Golistica startup [in C:\Users\juani\Desktop\Trabajo Alan\alquila-cancha\backend\app.py:43]
2025-12-03 18:50:53,013 INFO: Golistica startup [in C:\Users\juani\Desktop\Trabajo Alan\alquila-cancha\backend\app.py:43]
2025-12-03 18:54:14,741 INFO: Golistica startup [in C:\Users\juani\Desktop\Trabajo Alan\alquila-cancha\backend\app.py:49]
2025-12-03 18:54:14,752 INFO: Golistica startup [in C:\Users\juani\Desktop\Trabajo Alan\alquila-cancha\backend\app.py:49]
2025-12-03 18:54:14,755 INFO: Golistica startup [in C:\Users\juani\Desktop\Trabajo Alan\alquila-cancha\backend\app.py:49]
2025-12-03 18:54:15,291 INFO: Golistica startup [in C:\Users\juani\Desktop\Trabajo Alan\alquila-cancha\backend\app.py:49]
2025-12-03 18:54:26,983 INFO: Golistica startup [in C:\Users\juani\Desktop\Trabajo Alan\alquila-cancha\backend\app.py:49]
2025-12-03 18:54:27,029 INFO: Golistica startup [in C:\Users\juani\Desktop\Trabajo Alan\alquila-cancha\backend\app.py:49]
2025-12-03 18:54:27,087 INFO: Golistica startup [in C:\Users\juani\Desktop\Trabajo Alan\alquila-cancha\backend\app.py:49]
2025-12-03 18:54:27,646 INFO: Golistica startup [in C:\Users\juani\Desktop\Trabajo Alan\alquila-cancha\backend\app.py:49]
2025-12-03 18:54:28,850 INFO: Golistica startup [in C:\Users\juani\Desktop\Trabajo Alan\alquila-cancha\backend\app.py:49]
2025-12-03 18:54:28,861 INFO: Golistica startup [in C:\Users\juani\Desktop\Trabajo Alan\alquila-cancha\backend\app.py:49]
2025-12-03 18:54:28,900 INFO: Golistica startup [in C:\Users\juani\Desktop\Trabajo Alan\alquila-cancha\backend\app.py:49]
2025-12-03 18:54:29,639 INFO: Golistica startup [in C:\Users\juani\Desktop\Trabajo Alan\alquila-cancha\backend\app.py:49]
2025-12-03 18:56:31,891 INFO: Golistica startup [in C:\Users\juani\Desktop\Trabajo Alan\alquila-cancha\backend\app.py:49]
2025-12-03 18:56:32,892 INFO: Golistica startup [in C:\Users\juani\Desktop\Trabajo Alan\alquila-cancha\backend\app.py:49]
2025-12-03 18:57:19,241 INFO: Golistica startup [in C:\Users\juani\Desktop\Trabajo Alan\alquila-cancha\backend\app.py:49]
2025-12-03 18:57:20,377 INFO: Golistica startup [in C:\Users\juani\Desktop\Trabajo Alan\alquila-cancha\backend\app.py:49]
2025-12-03 18:57:21,501 INFO: Golistica startup [in C:\Users\juani\Desktop\Trabajo Alan\alquila-cancha\backend\app.py:49]
2025-12-03 18:57:22,629 INFO: Golistica startup [in C:\Users\juani\Desktop\Trabajo Alan\alquila-cancha\backend\app.py:49]
2025-12-03 18:57:38,837 INFO: AUDIT: login_success by Tominu07 on user:4 - Usuario Tominu07 inició sesión correctamente [in C:\Users\juani\Desktop\Trabajo Alan\alquila-cancha\backend\app.py:752]
2025-12-03 18:57:56,652 INFO: AUDIT: login_success by admin on user:5 - Usuario admin inició sesión correctamente [in C:\Users\juani\Desktop\Trabajo Alan\alquila-cancha\backend\app.py:752]
2025-12-03 18:58:03,233 INFO: AUDIT: delete_booking by admin on booking:2 - Eliminada reserva #2 de  para Cancha Villa Urquiza F5 [in C:\Users\juani\Desktop\Trabajo Alan\alquila-cancha\backend\app.py:752]
2025-12-03 18:59:15,829 INFO: AUDIT: login_success by operador2 on user:3 - Usuario operador2 inició sesión correctamente [in C:\Users\juani\Desktop\Trabajo Alan\alquila-cancha\backend\app.py:752]
